  main.cpp
C:\Users\zhangpeng\Desktop\Warzone-Project-main\WarzoneProject\modern_warfare\core\main.cpp(8,1): warning C4005: “ERROR”: 宏重定义
D:\Windows Kits\10\Include\10.0.19041.0\um\wingdi.h(118): message : 参见“ERROR”的前一个定义
C:\Users\zhangpeng\Desktop\Warzone-Project-main\WarzoneProject\modern_warfare\core\main.cpp(9,1): warning C4005: “ASSERT”: 宏重定义
C:\Users\zhangpeng\Desktop\Warzone-Project-main\WarzoneProject\modern_warfare\core\utils\vectors.h(18): message : 参见“ASSERT”的前一个定义
C:\Users\zhangpeng\Desktop\Warzone-Project-main\WarzoneProject\modern_warfare\core\main.cpp(177,131): warning C4244: “参数”: 从“float”转换到“int”，可能丢失数据
C:\Users\zhangpeng\Desktop\Warzone-Project-main\WarzoneProject\modern_warfare\core\main.cpp(177,102): warning C4244: “参数”: 从“float”转换到“int”，可能丢失数据
C:\Users\zhangpeng\Desktop\Warzone-Project-main\WarzoneProject\modern_warfare\core\main.cpp(177,83): warning C4244: “参数”: 从“float”转换到“int”，可能丢失数据
C:\Users\zhangpeng\Desktop\Warzone-Project-main\WarzoneProject\modern_warfare\core\main.cpp(177,57): warning C4244: “参数”: 从“float”转换到“int”，可能丢失数据
C:\Users\zhangpeng\Desktop\Warzone-Project-main\WarzoneProject\modern_warfare\core\main.cpp(179,122): warning C4244: “参数”: 从“float”转换到“int”，可能丢失数据
C:\Users\zhangpeng\Desktop\Warzone-Project-main\WarzoneProject\modern_warfare\core\main.cpp(179,93): warning C4244: “参数”: 从“float”转换到“int”，可能丢失数据
C:\Users\zhangpeng\Desktop\Warzone-Project-main\WarzoneProject\modern_warfare\core\main.cpp(179,74): warning C4244: “参数”: 从“float”转换到“int”，可能丢失数据
C:\Users\zhangpeng\Desktop\Warzone-Project-main\WarzoneProject\modern_warfare\core\main.cpp(179,48): warning C4244: “参数”: 从“float”转换到“int”，可能丢失数据
C:\Users\zhangpeng\Desktop\Warzone-Project-main\WarzoneProject\modern_warfare\core\main.cpp(183,131): warning C4244: “参数”: 从“float”转换到“int”，可能丢失数据
C:\Users\zhangpeng\Desktop\Warzone-Project-main\WarzoneProject\modern_warfare\core\main.cpp(183,102): warning C4244: “参数”: 从“float”转换到“int”，可能丢失数据
C:\Users\zhangpeng\Desktop\Warzone-Project-main\WarzoneProject\modern_warfare\core\main.cpp(183,83): warning C4244: “参数”: 从“float”转换到“int”，可能丢失数据
C:\Users\zhangpeng\Desktop\Warzone-Project-main\WarzoneProject\modern_warfare\core\main.cpp(183,57): warning C4244: “参数”: 从“float”转换到“int”，可能丢失数据
C:\Users\zhangpeng\Desktop\Warzone-Project-main\WarzoneProject\modern_warfare\core\main.cpp(185,122): warning C4244: “参数”: 从“float”转换到“int”，可能丢失数据
C:\Users\zhangpeng\Desktop\Warzone-Project-main\WarzoneProject\modern_warfare\core\main.cpp(185,93): warning C4244: “参数”: 从“float”转换到“int”，可能丢失数据
C:\Users\zhangpeng\Desktop\Warzone-Project-main\WarzoneProject\modern_warfare\core\main.cpp(185,74): warning C4244: “参数”: 从“float”转换到“int”，可能丢失数据
C:\Users\zhangpeng\Desktop\Warzone-Project-main\WarzoneProject\modern_warfare\core\main.cpp(185,48): warning C4244: “参数”: 从“float”转换到“int”，可能丢失数据
C:\Users\zhangpeng\Desktop\Warzone-Project-main\WarzoneProject\modern_warfare\core\main.cpp(211,13): warning C4804: “<=”: 在操作中使用类型“bool”不安全
C:\Users\zhangpeng\Desktop\Warzone-Project-main\WarzoneProject\modern_warfare\core\main.cpp(211,73): warning C4804: “<=”: 在操作中使用类型“bool”不安全
C:\Users\zhangpeng\Desktop\Warzone-Project-main\WarzoneProject\modern_warfare\core\main.cpp(240,14): warning C4244: “初始化”: 从“float”转换到“int”，可能丢失数据
C:\Users\zhangpeng\Desktop\Warzone-Project-main\WarzoneProject\modern_warfare\core\main.cpp(241,14): warning C4244: “初始化”: 从“float”转换到“int”，可能丢失数据
C:\Users\zhangpeng\Desktop\Warzone-Project-main\WarzoneProject\modern_warfare\core\main.cpp(258,49): warning C4244: “参数”: 从“int”转换到“float”，可能丢失数据
C:\Users\zhangpeng\Desktop\Warzone-Project-main\WarzoneProject\modern_warfare\core\main.cpp(258,39): warning C4244: “参数”: 从“int”转换到“float”，可能丢失数据
C:\Users\zhangpeng\Desktop\Warzone-Project-main\WarzoneProject\modern_warfare\core\main.cpp(308,56): warning C4244: “参数”: 从“int”转换到“float”，可能丢失数据
C:\Users\zhangpeng\Desktop\Warzone-Project-main\WarzoneProject\modern_warfare\core\main.cpp(308,46): warning C4244: “参数”: 从“int”转换到“float”，可能丢失数据
C:\Users\zhangpeng\Desktop\Warzone-Project-main\WarzoneProject\modern_warfare\core\main.cpp(310,56): warning C4244: “参数”: 从“int”转换到“float”，可能丢失数据
C:\Users\zhangpeng\Desktop\Warzone-Project-main\WarzoneProject\modern_warfare\core\main.cpp(310,46): warning C4244: “参数”: 从“int”转换到“float”，可能丢失数据
C:\Users\zhangpeng\Desktop\Warzone-Project-main\WarzoneProject\modern_warfare\core\main.cpp(318,76): warning C4244: “参数”: 从“int”转换到“float”，可能丢失数据
C:\Users\zhangpeng\Desktop\Warzone-Project-main\WarzoneProject\modern_warfare\core\main.cpp(318,53): warning C4244: “参数”: 从“int”转换到“float”，可能丢失数据
C:\Users\zhangpeng\Desktop\Warzone-Project-main\WarzoneProject\modern_warfare\core\main.cpp(322,113): warning C4244: “参数”: 从“int”转换到“float”，可能丢失数据
C:\Users\zhangpeng\Desktop\Warzone-Project-main\WarzoneProject\modern_warfare\core\main.cpp(322,76): warning C4244: “参数”: 从“int”转换到“float”，可能丢失数据
C:\Users\zhangpeng\Desktop\Warzone-Project-main\WarzoneProject\modern_warfare\core\main.cpp(322,53): warning C4244: “参数”: 从“int”转换到“float”，可能丢失数据
C:\Users\zhangpeng\Desktop\Warzone-Project-main\WarzoneProject\modern_warfare\core\main.cpp(356,51): warning C4244: “参数”: 从“float”转换到“int”，可能丢失数据
C:\Users\zhangpeng\Desktop\Warzone-Project-main\WarzoneProject\modern_warfare\core\main.cpp(356,40): warning C4244: “参数”: 从“float”转换到“int”，可能丢失数据
C:\Users\zhangpeng\Desktop\Warzone-Project-main\WarzoneProject\modern_warfare\core\main.cpp(357,54): warning C4244: “参数”: 从“float”转换到“int”，可能丢失数据
C:\Users\zhangpeng\Desktop\Warzone-Project-main\WarzoneProject\modern_warfare\core\main.cpp(357,40): warning C4244: “参数”: 从“float”转换到“int”，可能丢失数据
C:\Users\zhangpeng\Desktop\Warzone-Project-main\WarzoneProject\modern_warfare\core\main.cpp(358,59): warning C4244: “参数”: 从“float”转换到“int”，可能丢失数据
C:\Users\zhangpeng\Desktop\Warzone-Project-main\WarzoneProject\modern_warfare\core\main.cpp(358,43): warning C4244: “参数”: 从“float”转换到“int”，可能丢失数据
C:\Users\zhangpeng\Desktop\Warzone-Project-main\WarzoneProject\modern_warfare\core\main.cpp(359,60): warning C4244: “参数”: 从“float”转换到“int”，可能丢失数据
C:\Users\zhangpeng\Desktop\Warzone-Project-main\WarzoneProject\modern_warfare\core\main.cpp(359,43): warning C4244: “参数”: 从“float”转换到“int”，可能丢失数据
C:\Users\zhangpeng\Desktop\Warzone-Project-main\WarzoneProject\modern_warfare\core\main.cpp(365,38): warning C4244: “参数”: 从“float”转换到“int”，可能丢失数据
C:\Users\zhangpeng\Desktop\Warzone-Project-main\WarzoneProject\modern_warfare\core\main.cpp(365,24): warning C4244: “参数”: 从“float”转换到“int”，可能丢失数据
C:\Users\zhangpeng\Desktop\Warzone-Project-main\WarzoneProject\modern_warfare\core\main.cpp(372,66): warning C4244: “参数”: 从“double”转换到“float”，可能丢失数据
C:\Users\zhangpeng\Desktop\Warzone-Project-main\WarzoneProject\modern_warfare\core\main.cpp(376,38): warning C4244: “参数”: 从“float”转换到“int”，可能丢失数据
C:\Users\zhangpeng\Desktop\Warzone-Project-main\WarzoneProject\modern_warfare\core\main.cpp(376,24): warning C4244: “参数”: 从“float”转换到“int”，可能丢失数据
C:\Users\zhangpeng\Desktop\Warzone-Project-main\WarzoneProject\modern_warfare\core\main.cpp(383,66): warning C4244: “参数”: 从“double”转换到“float”，可能丢失数据
C:\Users\zhangpeng\Desktop\Warzone-Project-main\WarzoneProject\modern_warfare\core\main.cpp(387,38): warning C4244: “参数”: 从“float”转换到“int”，可能丢失数据
C:\Users\zhangpeng\Desktop\Warzone-Project-main\WarzoneProject\modern_warfare\core\main.cpp(387,24): warning C4244: “参数”: 从“float”转换到“int”，可能丢失数据
C:\Users\zhangpeng\Desktop\Warzone-Project-main\WarzoneProject\modern_warfare\core\main.cpp(394,66): warning C4244: “参数”: 从“double”转换到“float”，可能丢失数据
C:\Users\zhangpeng\Desktop\Warzone-Project-main\WarzoneProject\modern_warfare\core\main.cpp(399,64): warning C4244: “参数”: 从“float”转换到“int”，可能丢失数据
C:\Users\zhangpeng\Desktop\Warzone-Project-main\WarzoneProject\modern_warfare\core\main.cpp(399,47): warning C4244: “参数”: 从“float”转换到“int”，可能丢失数据
C:\Users\zhangpeng\Desktop\Warzone-Project-main\WarzoneProject\modern_warfare\core\main.cpp(402,64): warning C4244: “参数”: 从“float”转换到“int”，可能丢失数据
C:\Users\zhangpeng\Desktop\Warzone-Project-main\WarzoneProject\modern_warfare\core\main.cpp(402,47): warning C4244: “参数”: 从“float”转换到“int”，可能丢失数据
C:\Users\zhangpeng\Desktop\Warzone-Project-main\WarzoneProject\modern_warfare\core\main.cpp(405,64): warning C4244: “参数”: 从“float”转换到“int”，可能丢失数据
C:\Users\zhangpeng\Desktop\Warzone-Project-main\WarzoneProject\modern_warfare\core\main.cpp(405,47): warning C4244: “参数”: 从“float”转换到“int”，可能丢失数据
C:\Users\zhangpeng\Desktop\Warzone-Project-main\WarzoneProject\modern_warfare\core\main.cpp(408,64): warning C4244: “参数”: 从“float”转换到“int”，可能丢失数据
C:\Users\zhangpeng\Desktop\Warzone-Project-main\WarzoneProject\modern_warfare\core\main.cpp(408,47): warning C4244: “参数”: 从“float”转换到“int”，可能丢失数据
C:\Users\zhangpeng\Desktop\Warzone-Project-main\WarzoneProject\modern_warfare\core\main.cpp(411,64): warning C4244: “参数”: 从“float”转换到“int”，可能丢失数据
C:\Users\zhangpeng\Desktop\Warzone-Project-main\WarzoneProject\modern_warfare\core\main.cpp(411,47): warning C4244: “参数”: 从“float”转换到“int”，可能丢失数据
C:\Users\zhangpeng\Desktop\Warzone-Project-main\WarzoneProject\modern_warfare\core\main.cpp(414,64): warning C4244: “参数”: 从“float”转换到“int”，可能丢失数据
C:\Users\zhangpeng\Desktop\Warzone-Project-main\WarzoneProject\modern_warfare\core\main.cpp(414,47): warning C4244: “参数”: 从“float”转换到“int”，可能丢失数据
C:\Users\zhangpeng\Desktop\Warzone-Project-main\WarzoneProject\modern_warfare\core\main.cpp(417,64): warning C4244: “参数”: 从“float”转换到“int”，可能丢失数据
C:\Users\zhangpeng\Desktop\Warzone-Project-main\WarzoneProject\modern_warfare\core\main.cpp(417,47): warning C4244: “参数”: 从“float”转换到“int”，可能丢失数据
C:\Users\zhangpeng\Desktop\Warzone-Project-main\WarzoneProject\modern_warfare\core\main.cpp(420,64): warning C4244: “参数”: 从“float”转换到“int”，可能丢失数据
C:\Users\zhangpeng\Desktop\Warzone-Project-main\WarzoneProject\modern_warfare\core\main.cpp(420,47): warning C4244: “参数”: 从“float”转换到“int”，可能丢失数据
C:\Users\zhangpeng\Desktop\Warzone-Project-main\WarzoneProject\modern_warfare\core\main.cpp(423,64): warning C4244: “参数”: 从“float”转换到“int”，可能丢失数据
C:\Users\zhangpeng\Desktop\Warzone-Project-main\WarzoneProject\modern_warfare\core\main.cpp(423,47): warning C4244: “参数”: 从“float”转换到“int”，可能丢失数据
C:\Users\zhangpeng\Desktop\Warzone-Project-main\WarzoneProject\modern_warfare\core\main.cpp(430,64): warning C4244: “参数”: 从“float”转换到“int”，可能丢失数据
C:\Users\zhangpeng\Desktop\Warzone-Project-main\WarzoneProject\modern_warfare\core\main.cpp(430,47): warning C4244: “参数”: 从“float”转换到“int”，可能丢失数据
C:\Users\zhangpeng\Desktop\Warzone-Project-main\WarzoneProject\modern_warfare\core\main.cpp(433,67): warning C4244: “参数”: 从“float”转换到“int”，可能丢失数据
C:\Users\zhangpeng\Desktop\Warzone-Project-main\WarzoneProject\modern_warfare\core\main.cpp(433,50): warning C4244: “参数”: 从“float”转换到“int”，可能丢失数据
C:\Users\zhangpeng\Desktop\Warzone-Project-main\WarzoneProject\modern_warfare\core\main.cpp(439,64): warning C4244: “参数”: 从“float”转换到“int”，可能丢失数据
C:\Users\zhangpeng\Desktop\Warzone-Project-main\WarzoneProject\modern_warfare\core\main.cpp(439,47): warning C4244: “参数”: 从“float”转换到“int”，可能丢失数据
  正在生成代码
  1 of 208 functions ( 0.5%) were compiled, the rest were copied from previous compilation.
    0 functions were new in current compilation
    8 functions had inline decision re-evaluated but remain unchanged
  已完成代码的生成
  modern_warfare.vcxproj -> C:\Users\zhangpeng\Desktop\Warzone-Project-main\WarzoneProject\x64\Release\modern_warfare_client.exe
